<?xml version="1.0" encoding="UTF-8"?>
<!-- Generated by org.testng.reporters.JUnitXMLReporter -->
<testsuite ignored="2" hostname="SABARI-PC" failures="1" tests="1" name="Default test(failed)" time="191.403" errors="0" timestamp="2025-11-05T19:25:09 IST">
  <testcase classname="campaigntest.CreatecampaignTest" name="MandatoryfieldscampaignTest" time="10.978">
    <failure type="java.lang.AssertionError" message="expected [true] but found [false]">
      <![CDATA[java.lang.AssertionError: expected [true] but found [false]
at campaigntest.CreatecampaignTest.MandatoryfieldscampaignTest(CreatecampaignTest.java:56)
at java.base/java.util.ArrayList.forEach(ArrayList.java:1596)
... Removed 29 stack frames]]>
    </failure>
  </testcase> <!-- MandatoryfieldscampaignTest -->
  <testcase classname="campaigntest.CreatecampaignTest" name="CreatecamapaignwithstatusTest" time="0.0">
    <ignored/>
  </testcase> <!-- CreatecamapaignwithstatusTest -->
  <testcase classname="campaigntest.CreatecampaignTest" name="CreatecampaignwithexpectedclosedateTest" time="0.0">
    <ignored/>
  </testcase> <!-- CreatecampaignwithexpectedclosedateTest -->
</testsuite> <!-- Default test(failed) -->
