<?xml version="1.0" encoding="UTF-8"?>
<!-- Generated by org.testng.reporters.JUnitXMLReporter -->
<testsuite ignored="0" hostname="SABARI-PC" failures="0" tests="3" name="Test1" time="53.481" errors="0" timestamp="2025-10-31T20:22:00 IST">
  <testcase classname="campaigntest.CreatecampaignTest" name="CreatecamapaignwithstatusTest" time="7.801"/>
  <testcase classname="campaigntest.CreatecampaignTest" name="CreatecampaignwithexpectedclosedateTest" time="3.728"/>
  <testcase classname="campaigntest.CreatecampaignTest" name="MandatoryfieldscampaignTest" time="2.547"/>
</testsuite> <!-- Test1 -->
