<?xml version="1.0" encoding="UTF-8"?>
<!-- Generated by org.testng.reporters.JUnitXMLReporter -->
<testsuite ignored="4" hostname="SABARI-PC" failures="1" tests="4" name="Test" time="114.155" errors="0" timestamp="2025-11-06T20:40:05 IST">
  <testcase classname="campaigntest.CreatecampaignTest" name="CreatecamapaignwithstatusTest" time="5.305"/>
  <testcase classname="campaigntest.CreatecampaignTest" name="CreatecampaignwithexpectedclosedateTest" time="2.738"/>
  <testcase classname="campaigntest.CreatecampaignTest" name="MandatoryfieldscampaignTest" time="3.234">
    <failure type="java.lang.AssertionError" message="expected [true] but found [false]">
      <![CDATA[java.lang.AssertionError: expected [true] but found [false]
at campaigntest.CreatecampaignTest.MandatoryfieldscampaignTest(CreatecampaignTest.java:56)
at java.base/java.util.ArrayList.forEach(ArrayList.java:1596)
... Removed 29 stack frames]]>
    </failure>
  </testcase> <!-- MandatoryfieldscampaignTest -->
  <testcase classname="contacttest.CreatecontactTest" name="createcontactwithmandatoryfieldsTest" time="12.239"/>
  <testcase classname="genericutilities.Baseclass" name="@BeforeSuite beforeSuite" time="0.0">
    <ignored/>
  </testcase> <!-- @BeforeSuite beforeSuite -->
  <testcase classname="genericutilities.Baseclass" name="@AfterSuite afterSuite" time="0.0">
    <ignored/>
  </testcase> <!-- @AfterSuite afterSuite -->
  <testcase classname="genericutilities.Baseclass" name="@BeforeTest beforeTest" time="0.0">
    <ignored/>
  </testcase> <!-- @BeforeTest beforeTest -->
  <testcase classname="genericutilities.Baseclass" name="@AfterTest afterTest" time="0.0">
    <ignored/>
  </testcase> <!-- @AfterTest afterTest -->
</testsuite> <!-- Test -->
