<?xml version="1.0" encoding="UTF-8"?>
<testng-results ignored="0" total="4" passed="3" failed="1" skipped="0">
  <reporter-output>
  </reporter-output>
  <suite started-at="2025-11-06T20:38:10 IST" name="Suite" finished-at="2025-11-06T20:40:05 IST" duration-ms="114155">
    <groups>
      <group name="regression">
        <method signature="CreatecampaignTest.CreatecamapaignwithstatusTest()[pri:0, instance:campaigntest.CreatecampaignTest@5aa9e4eb]" name="CreatecamapaignwithstatusTest" class="campaigntest.CreatecampaignTest"/>
      </group> <!-- regression -->
      <group name="smoke">
        <method signature="CreatecampaignTest.MandatoryfieldscampaignTest()[pri:0, instance:campaigntest.CreatecampaignTest@5aa9e4eb]" name="MandatoryfieldscampaignTest" class="campaigntest.CreatecampaignTest"/>
      </group> <!-- smoke -->
    </groups>
    <test started-at="2025-11-06T20:38:10 IST" name="Test" finished-at="2025-11-06T20:40:05 IST" duration-ms="114155">
      <class name="contacttest.CreatecontactTest">
        <test-method is-config="true" signature="beforeClass()[pri:0, instance:contacttest.CreatecontactTest@7dcf94f8]" started-at="2025-11-06T20:39:26 IST" name="beforeClass" finished-at="2025-11-06T20:39:30 IST" duration-ms="3768" status="PASS">
          <reporter-output>
          </reporter-output>
        </test-method> <!-- beforeClass -->
        <test-method is-config="true" signature="beforeMethod()[pri:0, instance:contacttest.CreatecontactTest@7dcf94f8]" started-at="2025-11-06T20:39:30 IST" name="beforeMethod" finished-at="2025-11-06T20:39:47 IST" duration-ms="17006" status="PASS">
          <reporter-output>
          </reporter-output>
        </test-method> <!-- beforeMethod -->
        <test-method signature="createcontactwithmandatoryfieldsTest()[pri:0, instance:contacttest.CreatecontactTest@7dcf94f8]" started-at="2025-11-06T20:39:47 IST" name="createcontactwithmandatoryfieldsTest" finished-at="2025-11-06T20:39:59 IST" duration-ms="12239" status="PASS">
          <reporter-output>
          </reporter-output>
        </test-method> <!-- createcontactwithmandatoryfieldsTest -->
        <test-method is-config="true" signature="afterMethod()[pri:0, instance:contacttest.CreatecontactTest@7dcf94f8]" started-at="2025-11-06T20:39:59 IST" name="afterMethod" finished-at="2025-11-06T20:40:03 IST" duration-ms="3461" status="PASS">
          <reporter-output>
          </reporter-output>
        </test-method> <!-- afterMethod -->
        <test-method is-config="true" signature="afterClass()[pri:0, instance:contacttest.CreatecontactTest@7dcf94f8]" started-at="2025-11-06T20:40:03 IST" name="afterClass" finished-at="2025-11-06T20:40:05 IST" duration-ms="1726" status="PASS">
          <reporter-output>
          </reporter-output>
        </test-method> <!-- afterClass -->
      </class> <!-- contacttest.CreatecontactTest -->
      <class name="campaigntest.CreatecampaignTest">
        <test-method is-config="true" signature="beforeSuite()[pri:0, instance:campaigntest.CreatecampaignTest@5aa9e4eb]" started-at="2025-11-06T20:38:10 IST" name="beforeSuite" finished-at="2025-11-06T20:38:10 IST" duration-ms="28" status="PASS">
          <reporter-output>
          </reporter-output>
        </test-method> <!-- beforeSuite -->
        <test-method is-config="true" signature="beforeTest()[pri:0, instance:campaigntest.CreatecampaignTest@5aa9e4eb]" started-at="2025-11-06T20:38:10 IST" name="beforeTest" finished-at="2025-11-06T20:38:10 IST" duration-ms="4" status="PASS">
          <reporter-output>
          </reporter-output>
        </test-method> <!-- beforeTest -->
        <test-method is-config="true" signature="beforeClass()[pri:0, instance:campaigntest.CreatecampaignTest@5aa9e4eb]" started-at="2025-11-06T20:38:11 IST" name="beforeClass" finished-at="2025-11-06T20:38:20 IST" duration-ms="9061" status="PASS">
          <reporter-output>
          </reporter-output>
        </test-method> <!-- beforeClass -->
        <test-method is-config="true" signature="beforeMethod()[pri:0, instance:campaigntest.CreatecampaignTest@5aa9e4eb]" started-at="2025-11-06T20:38:20 IST" name="beforeMethod" finished-at="2025-11-06T20:38:32 IST" duration-ms="12560" status="PASS">
          <reporter-output>
          </reporter-output>
        </test-method> <!-- beforeMethod -->
        <test-method signature="CreatecamapaignwithstatusTest()[pri:0, instance:campaigntest.CreatecampaignTest@5aa9e4eb]" started-at="2025-11-06T20:38:32 IST" name="CreatecamapaignwithstatusTest" finished-at="2025-11-06T20:38:38 IST" duration-ms="5305" status="PASS">
          <reporter-output>
          </reporter-output>
        </test-method> <!-- CreatecamapaignwithstatusTest -->
        <test-method is-config="true" signature="afterMethod()[pri:0, instance:campaigntest.CreatecampaignTest@5aa9e4eb]" started-at="2025-11-06T20:38:38 IST" name="afterMethod" finished-at="2025-11-06T20:38:47 IST" duration-ms="9005" status="PASS">
          <reporter-output>
          </reporter-output>
        </test-method> <!-- afterMethod -->
        <test-method is-config="true" signature="beforeMethod()[pri:0, instance:campaigntest.CreatecampaignTest@5aa9e4eb]" started-at="2025-11-06T20:38:47 IST" name="beforeMethod" finished-at="2025-11-06T20:38:53 IST" duration-ms="6324" status="PASS">
          <reporter-output>
          </reporter-output>
        </test-method> <!-- beforeMethod -->
        <test-method signature="CreatecampaignwithexpectedclosedateTest()[pri:0, instance:campaigntest.CreatecampaignTest@5aa9e4eb]" started-at="2025-11-06T20:38:53 IST" name="CreatecampaignwithexpectedclosedateTest" finished-at="2025-11-06T20:38:56 IST" duration-ms="2738" status="PASS">
          <reporter-output>
          </reporter-output>
        </test-method> <!-- CreatecampaignwithexpectedclosedateTest -->
        <test-method is-config="true" signature="afterMethod()[pri:0, instance:campaigntest.CreatecampaignTest@5aa9e4eb]" started-at="2025-11-06T20:38:56 IST" name="afterMethod" finished-at="2025-11-06T20:39:02 IST" duration-ms="5969" status="PASS">
          <reporter-output>
          </reporter-output>
        </test-method> <!-- afterMethod -->
        <test-method is-config="true" signature="beforeMethod()[pri:0, instance:campaigntest.CreatecampaignTest@5aa9e4eb]" started-at="2025-11-06T20:39:02 IST" name="beforeMethod" finished-at="2025-11-06T20:39:06 IST" duration-ms="4169" status="PASS">
          <reporter-output>
          </reporter-output>
        </test-method> <!-- beforeMethod -->
        <test-method signature="MandatoryfieldscampaignTest()[pri:0, instance:campaigntest.CreatecampaignTest@5aa9e4eb]" started-at="2025-11-06T20:39:06 IST" name="MandatoryfieldscampaignTest" finished-at="2025-11-06T20:39:09 IST" duration-ms="3234" status="FAIL">
          <exception class="java.lang.AssertionError">
            <message>
              <![CDATA[expected [true] but found [false]]]>
            </message>
            <full-stacktrace>
              <![CDATA[java.lang.AssertionError: expected [true] but found [false]
at org.testng.Assert.fail(Assert.java:111)
at org.testng.Assert.failNotEquals(Assert.java:1578)
at org.testng.Assert.assertTrue(Assert.java:57)
at org.testng.Assert.assertTrue(Assert.java:67)
at campaigntest.CreatecampaignTest.MandatoryfieldscampaignTest(CreatecampaignTest.java:56)
at java.base/jdk.internal.reflect.DirectMethodHandleAccessor.invoke(DirectMethodHandleAccessor.java:103)
at java.base/java.lang.reflect.Method.invoke(Method.java:580)
at org.testng.internal.invokers.MethodInvocationHelper.invokeMethod(MethodInvocationHelper.java:141)
at org.testng.internal.invokers.TestInvoker.invokeMethod(TestInvoker.java:686)
at org.testng.internal.invokers.TestInvoker.invokeTestMethod(TestInvoker.java:230)
at org.testng.internal.invokers.MethodRunner.runInSequence(MethodRunner.java:63)
at org.testng.internal.invokers.TestInvoker$MethodInvocationAgent.invoke(TestInvoker.java:992)
at org.testng.internal.invokers.TestInvoker.invokeTestMethods(TestInvoker.java:203)
at org.testng.internal.invokers.TestMethodWorker.invokeTestMethods(TestMethodWorker.java:154)
at org.testng.internal.invokers.TestMethodWorker.run(TestMethodWorker.java:134)
at java.base/java.util.ArrayList.forEach(ArrayList.java:1596)
at org.testng.TestRunner.privateRun(TestRunner.java:739)
at org.testng.TestRunner.run(TestRunner.java:614)
at org.testng.SuiteRunner.runTest(SuiteRunner.java:421)
at org.testng.SuiteRunner.runSequentially(SuiteRunner.java:413)
at org.testng.SuiteRunner.privateRun(SuiteRunner.java:373)
at org.testng.SuiteRunner.run(SuiteRunner.java:312)
at org.testng.SuiteRunnerWorker.runSuite(SuiteRunnerWorker.java:52)
at org.testng.SuiteRunnerWorker.run(SuiteRunnerWorker.java:95)
at org.testng.TestNG.runSuitesSequentially(TestNG.java:1274)
at org.testng.TestNG.runSuitesLocally(TestNG.java:1208)
at org.testng.TestNG.runSuites(TestNG.java:1112)
at org.testng.TestNG.run(TestNG.java:1079)
at org.testng.remote.AbstractRemoteTestNG.run(AbstractRemoteTestNG.java:115)
at org.testng.remote.RemoteTestNG.initAndRun(RemoteTestNG.java:293)
at org.testng.remote.RemoteTestNG.main(RemoteTestNG.java:91)
]]>
            </full-stacktrace>
          </exception> <!-- java.lang.AssertionError -->
          <reporter-output>
          </reporter-output>
        </test-method> <!-- MandatoryfieldscampaignTest -->
        <test-method is-config="true" signature="afterMethod()[pri:0, instance:campaigntest.CreatecampaignTest@5aa9e4eb]" started-at="2025-11-06T20:39:09 IST" name="afterMethod" finished-at="2025-11-06T20:39:19 IST" duration-ms="9403" status="PASS">
          <reporter-output>
          </reporter-output>
        </test-method> <!-- afterMethod -->
        <test-method is-config="true" signature="afterClass()[pri:0, instance:campaigntest.CreatecampaignTest@5aa9e4eb]" started-at="2025-11-06T20:39:19 IST" name="afterClass" finished-at="2025-11-06T20:39:26 IST" duration-ms="7633" status="PASS">
          <reporter-output>
          </reporter-output>
        </test-method> <!-- afterClass -->
        <test-method is-config="true" signature="afterTest()[pri:0, instance:campaigntest.CreatecampaignTest@5aa9e4eb]" started-at="2025-11-06T20:40:05 IST" name="afterTest" finished-at="2025-11-06T20:40:05 IST" duration-ms="1" status="PASS">
          <reporter-output>
          </reporter-output>
        </test-method> <!-- afterTest -->
        <test-method is-config="true" signature="afterSuite()[pri:0, instance:campaigntest.CreatecampaignTest@5aa9e4eb]" started-at="2025-11-06T20:40:05 IST" name="afterSuite" finished-at="2025-11-06T20:40:05 IST" duration-ms="1" status="PASS">
          <reporter-output>
          </reporter-output>
        </test-method> <!-- afterSuite -->
      </class> <!-- campaigntest.CreatecampaignTest -->
    </test> <!-- Test -->
  </suite> <!-- Suite -->
</testng-results>
