<?xml version="1.0" encoding="UTF-8"?>
<!-- Generated by org.testng.reporters.JUnitReportReporter -->
<testsuite hostname="SABARI-PC" failures="0" tests="7" name="practice.Newtest" time="0.129" errors="0" timestamp="2025-10-25T20:18:16 IST" skipped="0">
  <testcase classname="practice.Newtest" name="deleteproduct" time="0.007">
    <system-out>
      <![CDATA[productdelete]]>
    </system-out>
  </testcase> <!-- deleteproduct -->
  <testcase classname="practice.Newtest" name="productcreation" time="0.004">
    <system-out>
      <![CDATA[ MandatoryfieldscampaignTest]]>
    </system-out>
  </testcase> <!-- productcreation -->
  <testcase classname="practice.Newtest" name="deleteproduct" time="0.037">
    <system-out>
      <![CDATA[productdelete]]>
    </system-out>
  </testcase> <!-- deleteproduct -->
  <testcase classname="practice.Newtest" name="deleteproduct" time="0.026">
    <system-out>
      <![CDATA[productdelete]]>
    </system-out>
  </testcase> <!-- deleteproduct -->
  <testcase classname="practice.Newtest" name="deleteproduct" time="0.026">
    <system-out>
      <![CDATA[productdelete]]>
    </system-out>
  </testcase> <!-- deleteproduct -->
  <testcase classname="practice.Newtest" name="deleteproduct" time="0.026">
    <system-out>
      <![CDATA[productdelete]]>
    </system-out>
  </testcase> <!-- deleteproduct -->
  <testcase classname="practice.Newtest" name="updateproduct" time="0.003">
    <system-out>
      <![CDATA[updateproduct]]>
    </system-out>
  </testcase> <!-- updateproduct -->
  <system-out>
    <![CDATA[productdelete
productdelete
productdelete
productdelete
productdelete
 MandatoryfieldscampaignTest
updateproduct]]>
  </system-out>
</testsuite> <!-- practice.Newtest -->
